
2018-03-07 17:23:47 [scrapy.utils.log] INFO: Scrapy 1.4.0 started (bot: douban_movie)
2018-03-07 17:23:47 [scrapy.utils.log] INFO: Overridden settings: {'SPIDER_MODULES': ['douban_movie.spiders'], 'NEWSPIDER_MODULE': 'douban_movie.spiders', 'DOWNLOAD_DELAY': 3, 'LOG_FILE': 'db_movie.log', 'BOT_NAME': 'douban_movie', 'COOKIES_ENABLED': False}
2018-03-07 17:23:47 [scrapy.middleware] INFO: Enabled extensions:
['scrapy.extensions.telnet.TelnetConsole',
 'scrapy.extensions.memusage.MemoryUsage',
 'scrapy.extensions.corestats.CoreStats',
 'scrapy.extensions.logstats.LogStats']
2018-03-07 17:23:48 [scrapy.middleware] INFO: Enabled downloader middlewares:
['scrapy.downloadermiddlewares.httpauth.HttpAuthMiddleware',
 'scrapy.downloadermiddlewares.downloadtimeout.DownloadTimeoutMiddleware',
 'douban_movie.middlewares.UserAgentMiddleware',
 'scrapy.downloadermiddlewares.defaultheaders.DefaultHeadersMiddleware',
 'scrapy.downloadermiddlewares.retry.RetryMiddleware',
 'scrapy.downloadermiddlewares.redirect.MetaRefreshMiddleware',
 'scrapy.downloadermiddlewares.httpcompression.HttpCompressionMiddleware',
 'scrapy.downloadermiddlewares.redirect.RedirectMiddleware',
 'scrapy.downloadermiddlewares.httpproxy.HttpProxyMiddleware',
 'scrapy.downloadermiddlewares.stats.DownloaderStats']
2018-03-07 17:23:48 [scrapy.middleware] INFO: Enabled spider middlewares:
['scrapy.spidermiddlewares.httperror.HttpErrorMiddleware',
 'scrapy.spidermiddlewares.offsite.OffsiteMiddleware',
 'scrapy.spidermiddlewares.referer.RefererMiddleware',
 'scrapy.spidermiddlewares.urllength.UrlLengthMiddleware',
 'scrapy.spidermiddlewares.depth.DepthMiddleware']
2018-03-07 17:23:48 [scrapy.middleware] INFO: Enabled item pipelines:
['douban_movie.pipelines.DoubanMoviePipeline']
2018-03-07 17:23:48 [scrapy.core.engine] INFO: Spider opened
2018-03-07 17:23:48 [scrapy.extensions.logstats] INFO: Crawled 0 pages (at 0 pages/min), scraped 0 items (at 0 items/min)
2018-03-07 17:23:48 [scrapy.extensions.telnet] DEBUG: Telnet console listening on 127.0.0.1:6023
2018-03-07 17:23:49 [scrapy.downloadermiddlewares.redirect] DEBUG: Redirecting (301) to <GET https://movie.douban.com/subject/3011091> from <GET http://movie.douban.com/subject/3011091>
2018-03-07 17:23:53 [scrapy.downloadermiddlewares.redirect] DEBUG: Redirecting (301) to <GET https://movie.douban.com/subject/3011091/> from <GET https://movie.douban.com/subject/3011091>
2018-03-07 17:23:57 [scrapy.core.engine] DEBUG: Crawled (200) <GET https://movie.douban.com/subject/3011091/> (referer: None)
2018-03-07 17:23:57 [scrapy.core.scraper] DEBUG: Scraped from <200 https://movie.douban.com/subject/3011091/>
{'name': "忠犬八公的故事 Hachi: A Dog's Tale",
 'score': 9.2,
 'summary': '八公（Forest 饰）是一条谜一样的犬，因为没有人知道它从哪里来。教授帕克（理查·基尔 Richard Gere '
            '饰）在小镇的火车站拣到一只走失的小狗，冥冥中似乎注定小狗和帕克教授有着某种缘分，帕克一抱起这只小狗就再也放不下来，最终，帕克对小狗八公的疼爱感化了起初极力反对养狗的妻子卡特（琼·艾伦 '
            'Joan Allen '
            '饰）。八公在帕克的呵护下慢慢长大，帕克上班时八公会一直把他送到车站，下班时八公也会早早便爬在车站等候，八公的忠诚让小镇的人家对它更加疼爱。有一天，八公在帕克要上班时表现异常，居然玩起了以往从来不会的捡球游戏，八公的表现让帕克非常满意，可是就是在那天，帕克因病去世。帕克的妻子、女儿安迪（萨拉·罗默尔 '
            'Sarah Roemer 饰）及女婿迈克尔（罗比·萨布莱特 Robbie Sublett '
            '饰）怀着无比沉痛的心情埋葬了帕克，可是不明就里的...',
 'url': 'https://movie.douban.com/subject/3011091/'}
2018-03-07 17:24:01 [scrapy.core.engine] DEBUG: Crawled (200) <GET https://movie.douban.com/subject/6786002/?from=subject-page> (referer: https://movie.douban.com/subject/3011091/)
2018-03-07 17:24:01 [scrapy.core.scraper] DEBUG: Scraped from <200 https://movie.douban.com/subject/6786002/?from=subject-page>
{'name': '触不可及 Intouchables',
 'score': 9.1,
 'summary': '因为一次跳伞事故，白人富翁菲利普Philippe（弗朗索瓦·克鲁塞 François Cluzet '
            '饰）瘫痪在床，欲招聘一名全职陪护。由于薪酬高，应聘者云集，个个舌灿莲花，却无法打动他的心。直到黑人德希斯Driss（奥玛·赛 '
            'Omar Sy '
            '饰）的出现才让他作出决定。德希斯刚从监狱出来，背负家庭重担，一心只想寻张辞退信以申领救济金，而且他明显对女助理的兴趣要远大于这份工作。但是菲利普还是一眼相中了这个小伙子。于是，德希斯开始了一个月的试用期。虽然舒适的豪宅环境让他倍感虚荣，但是他仍面临很多挑战：不仅要为菲利普作身体复健，还得给他洗浴、灌肠、拆信、穿丝袜等。起初，两人的思维方式与价值观大相径庭，但是，随着了解的不断深入，他们成为了朋友……',
 'url': 'https://movie.douban.com/subject/6786002/?from=subject-page'}
2018-03-07 17:24:02 [scrapy.dupefilters] DEBUG: Filtered duplicate request: <GET https://movie.douban.com/subject/6786002/?from=subject-page#more> - no more duplicates will be shown (see DUPEFILTER_DEBUG to show all duplicates)
2018-03-07 17:24:04 [scrapy.core.engine] DEBUG: Crawled (200) <GET https://movie.douban.com/subject/3792799/?from=subject-page> (referer: https://movie.douban.com/subject/3011091/)
2018-03-07 17:24:04 [scrapy.core.scraper] DEBUG: Scraped from <200 https://movie.douban.com/subject/3792799/?from=subject-page>
{'name': '岁月神偷 歲月神偷',
 'score': 8.6,
 'summary': '60年代的香港，风云变幻。一面要忍受港英政府的压制，一面又受到内地运动的波及，更要面对不时登陆的台风暴雨。老字号的永利街就处在这样一个风暴的旋涡中心。',
 'url': 'https://movie.douban.com/subject/3792799/?from=subject-page'}
2018-03-07 17:24:08 [scrapy.core.engine] DEBUG: Crawled (200) <GET https://movie.douban.com/subject/2149806/?from=subject-page> (referer: https://movie.douban.com/subject/3011091/)
2018-03-07 17:24:08 [scrapy.core.scraper] DEBUG: Scraped from <200 https://movie.douban.com/subject/2149806/?from=subject-page>
{'name': '入殓师 おくりびと',
 'score': 8.8,
 'summary': '买了昂贵的大提琴，想要成就一番事业的小林大悟（本木雅弘 '
            '饰），经历了4个月的管弦乐演奏，得到的却是“乐团解散”的噩耗与购买乐器的高昂债务。迫不得已，大悟与妻子美香（广末凉子 '
            '饰）搬到老屋，过着清贫的日子。某日，一则广告吸引了大悟的注意：NK代理公司，帮助旅行，高薪短工时。大悟来到NK代理公司面试，社长佐佐木生荣（山崎努 '
            '饰）二话不说就决定聘用大悟，但却对工作内容避而不谈。在大悟的再三追问下，佐佐木社长终于道明：是入殓（日语Nou Kan）工作！',
 'url': 'https://movie.douban.com/subject/2149806/?from=subject-page'}
2018-03-07 17:24:11 [scrapy.core.engine] DEBUG: Crawled (200) <GET https://movie.douban.com/subject/1295644/?from=subject-page> (referer: https://movie.douban.com/subject/3011091/)
2018-03-07 17:24:11 [scrapy.core.scraper] DEBUG: Scraped from <200 https://movie.douban.com/subject/1295644/?from=subject-page>
{'name': '这个杀手不太冷 Léon',
 'score': 9.4,
 'summary': '里昂（让·雷诺饰）是名孤独的职业杀手，受人雇佣。一天，邻居家小姑娘马蒂尔达（纳塔丽·波特曼饰)敲开他的房门，要求在他那里暂避杀身之祸。原来邻居家的主人是警方缉毒组的眼线，只因贪污了一小包毒品而遭恶警（加里·奥德曼饰）杀害全家的惩罚。马蒂尔达得到里昂的留救，幸免于难，并留在里昂那里。里昂教小女孩使枪，她教里昂法文，两人关系日趋亲密，相处融洽。',
 'url': 'https://movie.douban.com/subject/1295644/?from=subject-page'}
2018-03-07 17:24:14 [scrapy.core.engine] DEBUG: Crawled (200) <GET https://movie.douban.com/subject/1291560/?from=subject-page> (referer: https://movie.douban.com/subject/3011091/)
2018-03-07 17:24:14 [scrapy.core.scraper] DEBUG: Scraped from <200 https://movie.douban.com/subject/1291560/?from=subject-page>
{'name': '龙猫 となりのトトロ',
 'score': 9.1,
 'summary': '小月的母亲生病住院了，父亲带着她与四岁的妹妹小梅到乡间的居住。她们对那里的环境都感到十分新奇，也发现了很多有趣的事情。她们遇到了很多小精灵，她们来到属于她们的环境中，看到了她们世界中很多的奇怪事物，更与一只大大胖胖的龙猫成为了朋友。龙猫与小精灵们利用他们的神奇力量，为小月与妹妹带来了很多神奇的景观，令她们大开眼界。',
 'url': 'https://movie.douban.com/subject/1291560/?from=subject-page'}
2018-03-07 17:24:17 [scrapy.core.engine] DEBUG: Crawled (200) <GET https://movie.douban.com/subject/4917726/?from=subject-page> (referer: https://movie.douban.com/subject/3011091/)
2018-03-07 17:24:17 [scrapy.core.scraper] DEBUG: Scraped from <200 https://movie.douban.com/subject/4917726/?from=subject-page>
{'name': '阳光姐妹淘 써니',
 'score': 8.8,
 'summary': '25年前，高中生任娜美（沈恩京 '
            '饰）一家从全罗道搬到汉城，娜美入读真德女子高中，因方言浓重怯于开口的娜美幸运的得到了同班大姐头夏春花（姜索拉 '
            '饰）的维护，并与围绕在夏春花周围的执着于双眼皮的金玫瑰、满嘴脏话的黄珍熙、梦想成为作家的徐金玉、要成为韩国小姐的俞福姬以及沉默傲慢的美人郑秀智等五人结识。在一次和不良少女团对决之后，春花和娜美等七人组成了“Sunny”团体……',
 'url': 'https://movie.douban.com/subject/4917726/?from=subject-page'}
2018-03-07 17:24:21 [scrapy.core.engine] DEBUG: Crawled (200) <GET https://movie.douban.com/subject/21937452/?from=subject-page> (referer: https://movie.douban.com/subject/3011091/)
2018-03-07 17:24:21 [scrapy.core.scraper] DEBUG: Scraped from <200 https://movie.douban.com/subject/21937452/?from=subject-page>
{'name': '素媛 소원',
 'score': 9.1,
 'summary': '她（李来 饰）是一个美丽平凡的小女孩，和爸爸妈妈生活在位于街角的家中。家里经营着以她的名字素媛命名的杂货店，母亲（严智媛 '
            '饰）作为老板娘日夜忙碌不得闲暇，父亲则在工厂干着繁重的工作。在那个飘雨的早上，素媛打着雨伞独自上学。在离学校近在咫尺的地方，她遭遇一个相貌猥琐、酒气冲天的大叔，由此开启了她的悲剧之旅。柔嫩的小花遭到暴风雨无情摧残，受伤的岂止枝枝叶叶，更是那迎着阳光无忧成长的心。无良媒体铺天盖地大肆渲染，作为受害者的素媛一家仿佛成了周身污秽的耻辱之人，被四周诧异好奇的目光所包围。',
 'url': 'https://movie.douban.com/subject/21937452/?from=subject-page'}
2018-03-07 17:24:24 [scrapy.core.engine] DEBUG: Crawled (200) <GET https://movie.douban.com/subject/1849031/?from=subject-page> (referer: https://movie.douban.com/subject/3011091/)
2018-03-07 17:24:25 [scrapy.core.scraper] DEBUG: Scraped from <200 https://movie.douban.com/subject/1849031/?from=subject-page>
{'name': '当幸福来敲门 The Pursuit of Happyness',
 'score': 8.9,
 'summary': '克里斯•加纳（威尔·史密斯 Will Smith '
            '饰）用尽全部积蓄买下了高科技治疗仪，到处向医院推销，可是价格高昂，接受的人不多。就算他多努力都无法提供一个良好的生活环境给妻儿，妻子（桑迪·牛顿 '
            'Thandie Newton 饰）最终选择离开家。从此他带着儿子克里斯托夫（贾登·史密斯 Jaden Smith '
            '饰）相依为命。克里斯好不容易争取回来一个股票投资公司实习的机会，就算没有报酬，成功机会只有百分之五，他仍努力奋斗，儿子是他的力量。他看尽白眼，与儿子躲在地铁站里的公共厕所里，住在教堂的收容所里…… '
            '他坚信，幸福明天就会来临。',
 'url': 'https://movie.douban.com/subject/1849031/?from=subject-page'}
2018-03-07 17:24:29 [scrapy.core.engine] DEBUG: Crawled (200) <GET https://movie.douban.com/subject/1292722/?from=subject-page> (referer: https://movie.douban.com/subject/3011091/)
2018-03-07 17:24:29 [scrapy.core.scraper] DEBUG: Scraped from <200 https://movie.douban.com/subject/1292722/?from=subject-page>
{'name': '泰坦尼克号 Titanic',
 'score': 9.2,
 'summary': '1912年4月10日，号称 '
            '“世界工业史上的奇迹”的豪华客轮泰坦尼克号开始了自己的处女航，从英国的南安普顿出发驶往美国纽约。富家少女罗丝（凯特•温丝莱特）与母亲及未婚夫卡尔坐上了头等舱；另一边，放荡不羁的少年画家杰克（莱昂纳多·迪卡普里奥）也在码头的一场赌博中赢得了下等舱的船票。',
 'url': 'https://movie.douban.com/subject/1292722/?from=subject-page'}
2018-03-07 17:24:32 [scrapy.core.engine] DEBUG: Crawled (200) <GET https://movie.douban.com/subject/1291561/?from=subject-page> (referer: https://movie.douban.com/subject/3011091/)
2018-03-07 17:24:32 [scrapy.core.scraper] DEBUG: Scraped from <200 https://movie.douban.com/subject/1291561/?from=subject-page>
{'name': '千与千寻 千と千尋の神隠し',
 'score': 9.2,
 'summary': '千寻和爸爸妈妈一同驱车前往新家，在郊外的小路上不慎进入了神秘的隧道——他们去到了另外一个诡异世界—一个中世纪的小镇。远处飘来食物的香味，爸爸妈妈大快朵颐，孰料之后变成了猪！这时小镇上渐渐来了许多样子古怪、半透明的人。',
 'url': 'https://movie.douban.com/subject/1291561/?from=subject-page'}
2018-03-07 17:24:36 [scrapy.core.engine] DEBUG: Crawled (200) <GET https://movie.douban.com/subject/3011091/?from=subject-page> (referer: https://movie.douban.com/subject/6786002/?from=subject-page)
2018-03-07 17:24:36 [scrapy.core.scraper] DEBUG: Scraped from <200 https://movie.douban.com/subject/3011091/?from=subject-page>
{'name': "忠犬八公的故事 Hachi: A Dog's Tale",
 'score': 9.2,
 'summary': '八公（Forest 饰）是一条谜一样的犬，因为没有人知道它从哪里来。教授帕克（理查·基尔 Richard Gere '
            '饰）在小镇的火车站拣到一只走失的小狗，冥冥中似乎注定小狗和帕克教授有着某种缘分，帕克一抱起这只小狗就再也放不下来，最终，帕克对小狗八公的疼爱感化了起初极力反对养狗的妻子卡特（琼·艾伦 '
            'Joan Allen '
            '饰）。八公在帕克的呵护下慢慢长大，帕克上班时八公会一直把他送到车站，下班时八公也会早早便爬在车站等候，八公的忠诚让小镇的人家对它更加疼爱。有一天，八公在帕克要上班时表现异常，居然玩起了以往从来不会的捡球游戏，八公的表现让帕克非常满意，可是就是在那天，帕克因病去世。帕克的妻子、女儿安迪（萨拉·罗默尔 '
            'Sarah Roemer 饰）及女婿迈克尔（罗比·萨布莱特 Robbie Sublett '
            '饰）怀着无比沉痛的心情埋葬了帕克，可是不明就里的...',
 'url': 'https://movie.douban.com/subject/3011091/?from=subject-page'}
2018-03-07 17:24:40 [scrapy.core.engine] DEBUG: Crawled (200) <GET https://movie.douban.com/subject/1292213/?from=subject-page> (referer: https://movie.douban.com/subject/6786002/?from=subject-page)
2018-03-07 17:24:40 [scrapy.core.scraper] DEBUG: Scraped from <200 https://movie.douban.com/subject/1292213/?from=subject-page>
{'name': '大话西游之大圣娶亲 西遊記大結局之仙履奇緣',
 'score': 9.2,
 'summary': '至尊宝（周星驰 饰）被月光宝盒带回到五百年前，遇见紫霞仙子（朱茵 饰），被对方打上烙印成为对方的人，并发觉自己已变成孙悟空。',
 'url': 'https://movie.douban.com/subject/1292213/?from=subject-page'}
2018-03-07 17:24:43 [scrapy.core.engine] DEBUG: Crawled (200) <GET https://movie.douban.com/subject/3793023/?from=subject-page> (referer: https://movie.douban.com/subject/6786002/?from=subject-page)
2018-03-07 17:24:44 [scrapy.core.scraper] DEBUG: Scraped from <200 https://movie.douban.com/subject/3793023/?from=subject-page>
{'name': '三傻大闹宝莱坞 3 Idiots',
 'score': 9.2,
 'summary': '本片根据印度畅销书作家奇坦·巴哈特（Chetan Bhagat）的处女作小说《五点人》（Five Point '
            'Someone）改编而成。法兰（马德哈万 R Madhavan 饰）、拉杜（沙曼·乔希 Sharman Joshi '
            '饰）与兰乔（阿米尔·汗 Aamir Khan '
            '饰）是皇家工程学院的学生，三人共居一室，结为好友。在以严格著称的学院里，兰乔是个非常与众不同的学生，他不死记硬背，甚至还公然顶撞校长“病毒”（波曼·伊拉尼 '
            'Boman Irani 饰），质疑他的教学方法。他不仅鼓动法兰与拉杜去勇敢追寻理想，还劝说校长的二女儿碧雅（卡琳娜·卡普 '
            'Kareena Kapoor 饰）离开满眼铜臭的未婚夫。兰乔的特立独行引起了模范学生“消音器”（奥米·维嘉 Omi Vaidya '
            '饰）的不满，他约定十年后再与兰乔一决高下，看哪种生活方式更能取得成功。',
 'url': 'https://movie.douban.com/subject/3793023/?from=subject-page'}
2018-03-07 17:24:48 [scrapy.core.engine] DEBUG: Crawled (200) <GET https://movie.douban.com/subject/21937445/?from=subject-page> (referer: https://movie.douban.com/subject/6786002/?from=subject-page)
2018-03-07 17:24:48 [scrapy.core.scraper] DEBUG: Scraped from <200 https://movie.douban.com/subject/21937445/?from=subject-page>
{'name': '辩护人 변호인',
 'score': 9.1,
 'summary': '1978年，只有高中学历的宋佑硕（宋康昊 '
            '饰）通过多年的艰苦努力，终于通过司法考试，并在成为法官后很快转行成为一名律师。他敏锐地从最新政策中嗅到商机，以不动产代书业务起家。虽然被同行讥讽为随时随地派发名片的夜店小弟，但佑硕不以为忤，一步一步朝着心中的目标迈进。他依靠赚来的钱让妻儿过上富足的生活，也还了七年前在饭店大婶那里欠下的良心债。进入20世纪80年代，韩国民主化斗争愈演愈烈。佑硕全然不管窗外事，关起门来继续赚钱。然而社会的巨变已经不容他置身事外，饭店大婶的儿子朴镇宇因从属的釜山读书联合会被控为左翼社团而遭到逮捕，更受到残酷的虐待和不公的指控。',
 'url': 'https://movie.douban.com/subject/21937445/?from=subject-page'}
2018-03-07 17:24:49 [scrapy.extensions.logstats] INFO: Crawled 15 pages (at 15 pages/min), scraped 15 items (at 15 items/min)
2018-03-07 17:24:52 [scrapy.core.engine] DEBUG: Crawled (200) <GET https://movie.douban.com/subject/1907966/?from=subject-page> (referer: https://movie.douban.com/subject/6786002/?from=subject-page)
2018-03-07 17:24:53 [scrapy.core.scraper] DEBUG: Scraped from <200 https://movie.douban.com/subject/1907966/?from=subject-page>
{'name': '疯狂原始人 The Croods',
 'score': 8.7,
 'summary': '原始人咕噜一家六口在老爸Grug（尼古拉斯·凯奇 Nicolas Cage '
            '配音）的庇护下生活。每天抢夺鸵鸟蛋为食，躲避野兽的追击，每晚听老爸叙述同一个故事，在山洞里过着一成不变的生活。大女儿Eep（艾玛·斯通 '
            'Emma Stone '
            '配音）是一个和老爸性格截然相反的充满好奇心的女孩，她不满足一辈子留在这个小山洞里，一心想要追逐山洞外面的新奇世界。',
 'url': 'https://movie.douban.com/subject/1907966/?from=subject-page'}
2018-03-07 17:24:56 [scrapy.core.engine] DEBUG: Crawled (200) <GET https://movie.douban.com/subject/5977835/?from=subject-page> (referer: https://movie.douban.com/subject/3792799/?from=subject-page)
2018-03-07 17:24:56 [scrapy.core.scraper] DEBUG: Scraped from <200 https://movie.douban.com/subject/5977835/?from=subject-page>
{'name': '桃姐',
 'score': 8.3,
 'summary': '桃姐（叶德娴 饰）是侍候了李家数十年的老佣人，把第二代的少爷罗杰（刘德华 '
            '饰）抚养成人。罗杰从事电影制片人，五十多岁了仍然独身，而桃姐也继续照顾罗杰，成为习惯……一日，桃姐如常到街市买菜，回寓所煲汤、做好满桌的饭菜，在等待从内地出差回家的罗杰，桃姐看着窗外的街景打发时间 '
            '，不知不觉间却竟昏迷在地上……桃姐醒来时发现自己身在医院，桃姐是中风了！一边手臂不能活动自如，必须利用物理治疗尽量恢复活动能力。',
 'url': 'https://movie.douban.com/subject/5977835/?from=subject-page'}
2018-03-07 17:25:00 [scrapy.core.engine] DEBUG: Crawled (200) <GET https://movie.douban.com/subject/1291818/?from=subject-page> (referer: https://movie.douban.com/subject/3792799/?from=subject-page)
2018-03-07 17:25:00 [scrapy.core.scraper] DEBUG: Scraped from <200 https://movie.douban.com/subject/1291818/?from=subject-page>
{'name': '饮食男女 飲食男女',
 'score': 9.1,
 'summary': '台湾中国菜硕果仅存的大师老朱（郎雄）退休后，渐尝老年生活的诸多尴尬：每周日费心做出的一桌丰盛菜肴，并无将三个女儿（杨贵媚、吴倩莲、王渝文）齐齐拉到饭桌的吸引力，已经长大成人的她们，心里藏了许多比陪父亲吃饭更重要的事；多年老友的突然离世，令他在友情这块也有了缺口；而对厨师来讲最重要的味觉的丧失，则将其彻底推到人生的低谷。',
 'url': 'https://movie.douban.com/subject/1291818/?from=subject-page'}
2018-03-07 17:25:03 [scrapy.core.engine] DEBUG: Crawled (200) <GET https://movie.douban.com/subject/1292063/?from=subject-page> (referer: https://movie.douban.com/subject/3792799/?from=subject-page)
2018-03-07 17:25:03 [scrapy.core.scraper] DEBUG: Scraped from <200 https://movie.douban.com/subject/1292063/?from=subject-page>
{'name': '美丽人生 La vita è bella',
 'score': 9.5,
 'summary': '犹太青年圭多（罗伯托·贝尼尼）邂逅美丽的女教师多拉（尼可莱塔·布拉斯基），他彬彬有礼的向多拉鞠躬：“早安！公主！”。历经诸多令人啼笑皆非的周折后，天遂人愿，两人幸福美满的生活在一起。',
 'url': 'https://movie.douban.com/subject/1292063/?from=subject-page'}
2018-03-07 17:25:08 [scrapy.core.engine] DEBUG: Crawled (200) <GET https://movie.douban.com/subject/1291870/?from=subject-page> (referer: https://movie.douban.com/subject/3792799/?from=subject-page)
2018-03-07 17:25:08 [scrapy.core.scraper] DEBUG: Scraped from <200 https://movie.douban.com/subject/1291870/?from=subject-page>
{'name': '雨人 Rain Man',
 'score': 8.6,
 'summary': '查理（汤姆•克鲁斯 Tom Cruise '
            '饰）父亲去世，留下了300万美元的遗产。然而令他意外的是，遗产全部给了一个他不认识的哥哥雷蒙（达斯汀•霍夫曼 Dustin '
            'Hoffman '
            '饰）。雷蒙的名字查理从没听过，这个事件让他气愤不已。他决定前去寻找哥哥。谁知雷蒙的住处就在一个精神病院里，原来他自幼患有自闭症，母亲去世后就被送到精神病院治疗。查理心中有了计算，他把雷蒙带出精神病院，企图骗他出让遗产。',
 'url': 'https://movie.douban.com/subject/1291870/?from=subject-page'}
2018-03-07 17:25:11 [scrapy.core.engine] DEBUG: Crawled (200) <GET https://movie.douban.com/subject/1292064/?from=subject-page> (referer: https://movie.douban.com/subject/2149806/?from=subject-page)
2018-03-07 17:25:11 [scrapy.core.scraper] DEBUG: Scraped from <200 https://movie.douban.com/subject/1292064/?from=subject-page>
{'name': '楚门的世界 The Truman Show',
 'score': 9.1,
 'summary': '楚门（金•凯瑞 Jim Carrey '
            '饰）是一个平凡得不能再平凡的人，除了一些有些稀奇的经历之外——初恋女友突然失踪、溺水身亡的父亲忽然似乎又出现在眼前，他和绝大多数30多岁的美国男人绝无异样。这令他倍感失落。他也曾试过离开自己生活了多年的地方，但总因种种理由而不能成行。',
 'url': 'https://movie.douban.com/subject/1292064/?from=subject-page'}
2018-03-07 17:25:14 [scrapy.core.engine] DEBUG: Crawled (200) <GET https://movie.douban.com/subject/1291999/?from=subject-page> (referer: https://movie.douban.com/subject/1295644/?from=subject-page)
2018-03-07 17:25:15 [scrapy.core.scraper] DEBUG: Scraped from <200 https://movie.douban.com/subject/1291999/?from=subject-page>
{'name': '重庆森林 重慶森林',
 'score': 8.7,
 'summary': '编号为223的警察（金城武）失恋后患上失恋综合症，在与金发女杀手（林青霞）擦肩而过又离奇相遇并有了一晚温情后，原本以为包括“爱情”在内的所有东西都有保质期的他意外地迎来心灵的短暂温暖。可是，他们的爱情还是结束了。',
 'url': 'https://movie.douban.com/subject/1291999/?from=subject-page'}
2018-03-07 17:25:18 [scrapy.core.engine] DEBUG: Crawled (200) <GET https://movie.douban.com/subject/1304970/?from=subject-page> (referer: https://movie.douban.com/subject/1291560/?from=subject-page)
2018-03-07 17:25:21 [scrapy.core.engine] DEBUG: Crawled (200) <GET https://movie.douban.com/subject/1291549/?from=subject-page> (referer: https://movie.douban.com/subject/4917726/?from=subject-page)
2018-03-07 17:25:21 [scrapy.core.scraper] DEBUG: Scraped from <200 https://movie.douban.com/subject/1291549/?from=subject-page>
{'name': '放牛班的春天 Les choristes',
 'score': 9.2,
 'summary': '1949年的法国乡村，音乐家克莱门特（杰勒德•尊诺 '
            '饰）到了一间外号叫“塘低”的男子寄宿学校当助理教师。学校里的学生大部分都是难缠的问题儿童，体罚在这里司空见惯，学校的校长（弗朗西斯•贝尔兰德 '
            '饰）只顾自己的前途，残暴高压。',
 'url': 'https://movie.douban.com/subject/1291549/?from=subject-page'}
2018-03-07 17:25:26 [scrapy.core.engine] DEBUG: Crawled (200) <GET https://movie.douban.com/subject/25724855/?from=subject-page> (referer: https://movie.douban.com/subject/21937452/?from=subject-page)
2018-03-07 17:25:26 [scrapy.core.scraper] DEBUG: Scraped from <200 https://movie.douban.com/subject/25724855/?from=subject-page>
{'name': '房间 Room',
 'score': 8.8,
 'summary': '女孩乔伊（布丽·拉尔森 Brie Larson '
            '饰）被一个叫“老尼克”的男人拐骗，之后被他囚禁在其房子后院的棚屋里长达七年之久。在此期间她遭到强奸，并生下儿子杰克（雅各布·特伦布莱 '
            'Jacob Tremblay '
            '饰）。靠着老尼克时不时的物资补给，母子二人艰难度日。尽管如此，母亲还是竭尽所能，为儿子杰克创造了一个安全而开心的成长空间。这个狭小逼仄的房间，成了杰克生活成长的神奇小天地。在杰克度过了他的五岁生日后，母亲决定告诉他真相，在这个小小的房间外面，有着更广阔的世界。他们开始策划逃跑计划，决心要逃出这个囚禁他们的房间……',
 'url': 'https://movie.douban.com/subject/25724855/?from=subject-page'}
2018-03-07 17:25:29 [scrapy.core.engine] DEBUG: Crawled (200) <GET https://movie.douban.com/subject/1292656/?from=subject-page> (referer: https://movie.douban.com/subject/1849031/?from=subject-page)
2018-03-07 17:25:30 [scrapy.core.scraper] DEBUG: Scraped from <200 https://movie.douban.com/subject/1292656/?from=subject-page>
{'name': '心灵捕手 Good Will Hunting',
 'score': 8.8,
 'summary': '麻省理工学院的数学教授蓝波在席上公布了一道困难的数学题，却被年轻的清洁工威尔（马特·戴蒙 '
            '饰）解了出来。可是威尔却是个问题少年，成天和好朋友查克（本·阿弗莱特 '
            '饰）等人四处闲逛，打架滋事。当蓝波找到这个天才的时候，他正因为打架袭警被法庭宣判送进看守所。蓝波向法官求情保释，才使他免于牢狱之灾。',
 'url': 'https://movie.douban.com/subject/1292656/?from=subject-page'}
2018-03-07 17:25:34 [scrapy.core.engine] DEBUG: Crawled (200) <GET https://movie.douban.com/subject/1418200/?from=subject-page> (referer: https://movie.douban.com/subject/1292722/?from=subject-page)
2018-03-07 17:25:34 [scrapy.core.scraper] DEBUG: Scraped from <200 https://movie.douban.com/subject/1418200/?from=subject-page>
{'name': '傲慢与偏见 Pride & Prejudice',
 'score': 8.4,
 'summary': '根据简·奥斯汀同名小说改编。伊丽莎白·班纳特(凯拉·奈特丽 '
            '饰)出身于小地主家庭，有四个姐妹，母亲班纳特太太整天操心着为女儿物色称心如意的丈夫。新来的邻居宾格来先生和他的朋友达西（马修·麦克菲迪恩 '
            '饰）打破了她们一家人单调的乡村生活。宾格来和伊丽莎白的姐姐简·班纳特互生情愫；达西对善良聪明的伊丽莎白产生了好感，而伊丽莎白却对达西不可一世的傲慢心存偏见，不接受他的感情。然而，世事难料，宾格来和简·班纳特因为误会，关系危在旦夕；达西的种种作为，展示了性格中和伊丽莎白相同的善良一面，逐渐赢得了伊丽莎白的好感。两对有情人能否终成眷属？班纳特姐妹们能否得到自己想要的生活？',
 'url': 'https://movie.douban.com/subject/1418200/?from=subject-page'}
2018-03-07 17:25:37 [scrapy.core.engine] DEBUG: Crawled (200) <GET https://movie.douban.com/subject/1301753/?from=subject-page> (referer: https://movie.douban.com/subject/1291561/?from=subject-page)
2018-03-07 17:25:38 [scrapy.core.scraper] DEBUG: Scraped from <200 https://movie.douban.com/subject/1301753/?from=subject-page>
{'name': '狮子王 The Lion King',
 'score': 8.9,
 'summary': '辛巴是狮子王国的小王子，他的父亲穆法沙是一个威严的国王。然而叔叔刀疤却对穆法沙的王位觊觎已久。',
 'url': 'https://movie.douban.com/subject/1301753/?from=subject-page'}
2018-03-07 17:25:41 [scrapy.core.engine] DEBUG: Crawled (200) <GET https://movie.douban.com/subject/1305164/?from=subject-page> (referer: https://movie.douban.com/subject/1292722/?from=subject-page)
2018-03-07 17:25:42 [scrapy.core.scraper] DEBUG: Scraped from <200 https://movie.douban.com/subject/1305164/?from=subject-page>
{'name': '甜蜜蜜',
 'score': 8.8,
 'summary': '改革开放初期，黎小军（黎明 饰）告别女友小婷（杨恭如 '
            '饰）从天津（国语版中为无锡）来到香港讨生活，期望有天挣到大钱把小婷接来与之风风光光地成婚，没料想日子会比想象中的难熬许多。',
 'url': 'https://movie.douban.com/subject/1305164/?from=subject-page'}
2018-03-07 17:25:45 [scrapy.core.engine] DEBUG: Crawled (200) <GET https://movie.douban.com/subject/1329936/?from=subject-page> (referer: https://movie.douban.com/subject/1292213/?from=subject-page)
2018-03-07 17:25:48 [scrapy.extensions.logstats] INFO: Crawled 30 pages (at 15 pages/min), scraped 28 items (at 13 items/min)
2018-03-07 17:25:49 [scrapy.core.engine] DEBUG: Crawled (200) <GET https://movie.douban.com/subject/10741643/?from=subject-page> (referer: https://movie.douban.com/subject/3793023/?from=subject-page)
2018-03-07 17:25:49 [scrapy.core.scraper] DEBUG: Scraped from <200 https://movie.douban.com/subject/10741643/?from=subject-page>
{'name': '我的个神啊 PK',
 'score': 8.3,
 'summary': '贾古（安努舒卡·莎玛 Anushka Sharma 饰）意外邂逅了名为萨弗拉兹（苏翔特·辛·拉哈普特 Sushant Singh '
            'Rajput '
            '饰）的男子，趣味相投的两人很快走到了一起。然而，萨弗拉兹是巴基斯坦人，他的国籍和信仰令这段恋情遭到了贾古家人的极力反对。不仅如此，贾古父亲信仰的教主塔帕斯维（沙鲁巴·舒克拉 '
            'Saurabh Shukla '
            '饰）更是预言萨弗拉兹注定要欺骗和抛弃贾古。为了证明预言的荒谬，贾古决定同萨弗拉兹闪婚，然而，婚礼当天，贾古等到的却是一封分手信。',
 'url': 'https://movie.douban.com/subject/10741643/?from=subject-page'}
2018-03-07 17:25:53 [scrapy.core.engine] DEBUG: Crawled (200) <GET https://movie.douban.com/subject/1291858/?from=subject-page> (referer: https://movie.douban.com/subject/21937445/?from=subject-page)
2018-03-07 17:25:54 [scrapy.core.scraper] DEBUG: Scraped from <200 https://movie.douban.com/subject/1291858/?from=subject-page>
{'name': '鬼子来了',
 'score': 9.2,
 'summary': '抗日战争末期，河北某偏僻乡村挂甲台的老实村民马大三（姜文 饰）迎来棘手难题：某人将分别装有日本鬼子花屋小三郎（香川照之 '
            '饰）和汉奸翻译董汉臣的麻袋扔给他，声称不日来取，却迟迟不见其来。厚道的马大三一边将两人当亲爹娘侍奉，一边同村人商议计策，最后决定将两人处死，但终因“天 '
            '意”不了了之。',
 'url': 'https://movie.douban.com/subject/1291858/?from=subject-page'}
2018-03-07 17:25:57 [scrapy.core.engine] DEBUG: Crawled (200) <GET https://movie.douban.com/subject/2129039/?from=subject-page> (referer: https://movie.douban.com/subject/1907966/?from=subject-page)
2018-03-07 17:25:58 [scrapy.core.scraper] DEBUG: Scraped from <200 https://movie.douban.com/subject/2129039/?from=subject-page>
{'name': '飞屋环游记 Up',
 'score': 8.9,
 'summary': '小男孩卡尔（Carl '
            'Fredricksen）怀揣着对于冒险的热爱偶遇假小子艾丽（Ellie），而艾丽把整个屋子当成一艘大飞船游戏居然使他对这个女孩子有些着迷，相同的爱好最终使两个人成为了一生的爱侣。',
 'url': 'https://movie.douban.com/subject/2129039/?from=subject-page'}
2018-03-07 17:26:02 [scrapy.core.engine] DEBUG: Crawled (200) <GET https://movie.douban.com/subject/4876722/?from=subject-page> (referer: https://movie.douban.com/subject/5977835/?from=subject-page)
2018-03-07 17:26:02 [scrapy.core.scraper] DEBUG: Scraped from <200 https://movie.douban.com/subject/4876722/?from=subject-page>
{'name': '钢的琴',
 'score': 8.3,
 'summary': '上世纪90年代初，东北某重工业城市。原钢厂工人陈桂林（王千源 '
            '饰）在下岗后，独自拉起了一支乐队，终日奔波在婚丧嫁娶、店铺开业的营生之中，生活勉强维持。他的妻子小菊（张申英 '
            '饰）离家出走，转投有钱的假药商人怀抱。如今小菊光鲜回归，不仅要与桂林离婚，还要争夺独生女小元的抚养权。桂林慨叹自己失败的命运，于是一心要将女儿培养成钢琴家。为了得到女儿，他四处筹措买钢琴的钱，甚至和女友淑娴（秦海璐 '
            '饰）以及当年钢厂的好哥们夜入学校偷钢琴。',
 'url': 'https://movie.douban.com/subject/4876722/?from=subject-page'}
2018-03-07 17:26:05 [scrapy.core.engine] DEBUG: Crawled (200) <GET https://movie.douban.com/subject/1291568/?from=subject-page> (referer: https://movie.douban.com/subject/1291818/?from=subject-page)
2018-03-07 17:26:05 [scrapy.core.scraper] DEBUG: Scraped from <200 https://movie.douban.com/subject/1291568/?from=subject-page>
{'name': '东京物语 東京物語',
 'score': 9.2,
 'summary': '儿女们都大了，各自成家。父亲周吉（笠智众饰）和老伴（东山千荣子饰）要去东京看望他们，老两口带着愉快心情上路。可另一边，还没等他们到大儿子家，孙子就因为爷爷奶奶到来腾地方哭闹不停。老人开始觉得尴尬，大儿子幸一（山村聪饰）在东京当医生，二女儿繁（杉村春子饰）在东京开美容店，二儿媳纪子（原节子饰），小女儿京子（香川京子饰）外，大阪还有三子敬三。',
 'url': 'https://movie.douban.com/subject/1291568/?from=subject-page'}
2018-03-07 17:26:08 [scrapy.core.engine] DEBUG: Crawled (200) <GET https://movie.douban.com/subject/1301726/?from=subject-page> (referer: https://movie.douban.com/subject/1292063/?from=subject-page)
2018-03-07 17:26:08 [scrapy.core.scraper] DEBUG: Scraped from <200 https://movie.douban.com/subject/1301726/?from=subject-page>
{'name': '兵临城下 Enemy at the Gates',
 'score': 8.3,
 'summary': '斯大林格勒战役中，瓦西里（裘德•洛 Jude Law 饰）是一个威震部队的神枪手。他的好枪法百发百中，令敌人闻风丧胆。',
 'url': 'https://movie.douban.com/subject/1301726/?from=subject-page'}
2018-03-07 17:26:12 [scrapy.core.engine] DEBUG: Crawled (200) <GET https://movie.douban.com/subject/1306861/?from=subject-page> (referer: https://movie.douban.com/subject/1291870/?from=subject-page)
2018-03-07 17:26:12 [scrapy.core.scraper] DEBUG: Scraped from <200 https://movie.douban.com/subject/1306861/?from=subject-page>
{'name': '我是山姆 I Am Sam',
 'score': 8.8,
 'summary': '在星巴克工作的山姆（西恩•潘 Sean Penn '
            '饰），虽已成人，但智力水平只有7岁。一次偶然，他收留了一个流浪女。该女子帮山姆生下了一个女儿后消失得无影无踪。',
 'url': 'https://movie.douban.com/subject/1306861/?from=subject-page'}
2018-03-07 17:26:15 [scrapy.core.engine] DEBUG: Crawled (200) <GET https://movie.douban.com/subject/1889243/?from=subject-page> (referer: https://movie.douban.com/subject/1292064/?from=subject-page)
2018-03-07 17:26:16 [scrapy.core.scraper] DEBUG: Scraped from <200 https://movie.douban.com/subject/1889243/?from=subject-page>
{'name': '星际穿越 Interstellar',
 'score': 9.2,
 'summary': '近未来的地球黄沙遍野，小麦、秋葵等基础农作物相继因枯萎病灭绝，人类不再像从前那样仰望星空，放纵想象力和灵感的迸发，而是每日在沙尘暴的肆虐下倒数着所剩不多的光景。在家务农的前NASA宇航员库珀（马修·麦康纳 '
            'Matthew McConaughey 饰）接连在女儿墨菲（麦肯吉·弗依 Mackenzie Foy '
            '饰）的书房发现奇怪的重力场现象，随即得知在某个未知区域内前NASA成员仍秘密进行一个拯救人类的计划。多年以前土星附近出现神秘虫洞，NASA借机将数名宇航员派遣到遥远的星系寻找适合居住的星球。在布兰德教授（迈克尔·凯恩 '
            'Michael Caine 饰）的劝说下，库珀忍痛告别了女儿，和其他三名专家教授女儿艾米莉亚·布兰德（安妮·海瑟薇 Anne '
            'Hathaway 饰）、罗米利（大卫·吉雅西 David Gyasi 饰）、多伊尔（韦斯·本特利 Wes B...',
 'url': 'https://movie.douban.com/subject/1889243/?from=subject-page'}
2018-03-07 17:26:19 [scrapy.core.engine] DEBUG: Crawled (200) <GET https://movie.douban.com/subject/1292215/?from=subject-page> (referer: https://movie.douban.com/subject/1291999/?from=subject-page)
2018-03-07 17:26:19 [scrapy.core.scraper] DEBUG: Scraped from <200 https://movie.douban.com/subject/1292215/?from=subject-page>
{'name': "天使爱美丽 Le fabuleux destin d'Amélie Poulain",
 'score': 8.7,
 'summary': '艾米莉（奥黛丽·塔图 Audrey Tautou '
            '饰）有着别人看来不幸的童年——父亲给她做健康检查时，发现她心跳过快，便断定她患上心脏病，从此艾米莉与学校绝缘。随后因为一桩意外，母亲在她眼前突然死去。这一切都毫不影响艾米莉对生活的豁达乐观。',
 'url': 'https://movie.douban.com/subject/1292215/?from=subject-page'}
2018-03-07 17:26:22 [scrapy.core.engine] DEBUG: Crawled (200) <GET https://movie.douban.com/subject/1291588/?from=subject-page> (referer: https://movie.douban.com/subject/1304970/?from=subject-page)
2018-03-07 17:26:22 [scrapy.core.scraper] DEBUG: Scraped from <200 https://movie.douban.com/subject/1291588/?from=subject-page>
{'name': '岁月的童话 おもひでぽろぽろ',
 'score': 8.5,
 'summary': '妙子今年27岁了，她向公司请了十天的假，到乡间享受向往已久的乡村生活。自此，她便常常想起了她五年级那一年的往事。一路上不断回想五年级时发生的往事，到达目的地后，迎接她的是一名乡村小伙子，比她小2岁的俊雄。',
 'url': 'https://movie.douban.com/subject/1291588/?from=subject-page'}
2018-03-07 17:26:24 [scrapy.core.engine] DEBUG: Crawled (200) <GET https://movie.douban.com/subject/1292402/?from=subject-page> (referer: https://movie.douban.com/subject/1291549/?from=subject-page)
2018-03-07 17:26:24 [scrapy.core.scraper] DEBUG: Scraped from <200 https://movie.douban.com/subject/1292402/?from=subject-page>
{'name': '西西里的美丽传说 Malèna',
 'score': 8.7,
 'summary': '当我还只是十三岁时，1941年春末的那一天，我初次见到了她那一天，墨索里尼向英法宣战，而我，得到了生命里的第一辆脚踏车。',
 'url': 'https://movie.douban.com/subject/1292402/?from=subject-page'}
2018-03-07 17:26:28 [scrapy.core.engine] DEBUG: Crawled (200) <GET https://movie.douban.com/subject/25895901/?from=subject-page> (referer: https://movie.douban.com/subject/25724855/?from=subject-page)
2018-03-07 17:26:29 [scrapy.core.scraper] DEBUG: Scraped from <200 https://movie.douban.com/subject/25895901/?from=subject-page>
{'name': '海街日记 海街diary',
 'score': 8.6,
 'summary': '临海古都镰仓，顺山而成的小镇，不起眼的角落里生活着香田家四姐妹。她们的父亲早年和情人离家出走，母亲则干脆将女儿们抛给了外婆照顾。外婆去世后，外孙女们继承了这栋有着悠久历史的大房子。过早担负起家庭重任的大姐香田幸（绫濑遥 '
            '饰），尽心尽力照顾着两个妹妹佳乃（长泽雅美 饰）、千佳（夏帆 '
            '饰）健康成长。这一天，父亲去世的消息传到姐妹手中。她们结伴而行参加了父亲的葬礼，并且结识了从未谋面的异母妹妹浅野铃（广濑丝丝 '
            '饰）。许是血缘中的亲近之感，幸在临行前邀请铃搬来镰仓同住。未过多久，抱着对姐姐们的憧憬，铃迈入了父亲曾经生活过的房子。四季流转，姐妹们的故事悄然上演……',
 'url': 'https://movie.douban.com/subject/25895901/?from=subject-page'}
2018-03-07 17:26:32 [scrapy.core.engine] DEBUG: Crawled (200) <GET https://movie.douban.com/subject/1292528/?from=subject-page> (referer: https://movie.douban.com/subject/1292656/?from=subject-page)
2018-03-07 17:26:32 [scrapy.core.scraper] DEBUG: Scraped from <200 https://movie.douban.com/subject/1292528/?from=subject-page>
{'name': '猜火车 Trainspotting',
 'score': 8.5,
 'summary': '苏格兰爱丁堡，雷登（伊万·麦克格雷格 Ewan McGregor 饰）、土豆（艾文·布莱纳 Ewen Bremner '
            '饰）和病仔（约翰尼·李·米勒 Jonny Lee Miller '
            '饰）三个青年过着混沌糜烂的生活，他们吸毒、滥交、诈骗无所不作，而在如此肆无忌惮挥霍青春的过程中，毒品成为一切万恶之源。雷登对之亦爱亦恨，试图戒毒却最终重蹈覆辙。在一次纵情狂欢后，他们三个不知谁和少女爱丽森（Susan '
            'Vidler '
            '饰）所生的婴儿死去。以此为开端，噩梦真正降临。土豆抢劫时锒铛入狱，雷登吸食毒品过量被送往医院抢救，后被强制戒毒。恐怖的幻觉和心底生气的恐惧迫使他不得不和毒品一刀两断。看似美好的新生活，但往日狐朋狗友贝格比（罗伯特·卡莱尔 '
            'Robert Carlyle 饰）等找上门来，再度给他带来无限的烦恼……',
 'url': 'https://movie.douban.com/subject/1292528/?from=subject-page'}
2018-03-07 17:26:36 [scrapy.core.engine] DEBUG: Crawled (200) <GET https://movie.douban.com/subject/1293964/?from=subject-page> (referer: https://movie.douban.com/subject/1418200/?from=subject-page)
2018-03-07 17:26:36 [scrapy.core.scraper] DEBUG: Scraped from <200 https://movie.douban.com/subject/1293964/?from=subject-page>
{'name': '魂断蓝桥 Waterloo Bridge',
 'score': 8.8,
 'summary': '第一次世界大战期间，回国度假的陆军中尉罗伊（罗伯特·泰勒）在滑铁卢桥上邂逅了舞蹈演员玛拉（费雯·丽），两人彼此倾心，爱情迅速升温。就在两人决定结婚之时，罗伊应招回营地，两人被迫分离。由于错过剧团演出，玛拉被开除，只能和好友相依为命。',
 'url': 'https://movie.douban.com/subject/1293964/?from=subject-page'}
2018-03-07 17:26:40 [scrapy.core.engine] DEBUG: Crawled (200) <GET https://movie.douban.com/subject/1294833/?from=subject-page> (referer: https://movie.douban.com/subject/1301753/?from=subject-page)
2018-03-07 17:26:44 [scrapy.core.engine] DEBUG: Crawled (200) <GET https://movie.douban.com/subject/1291853/?from=subject-page> (referer: https://movie.douban.com/subject/1305164/?from=subject-page)
2018-03-07 17:26:44 [scrapy.core.scraper] DEBUG: Scraped from <200 https://movie.douban.com/subject/1291853/?from=subject-page>
{'name': '英国病人 The English Patient',
 'score': 8.4,
 'summary': '一段爱情，在战火中燃烧，逾越了道德，改变了战局。艾马殊（拉尔夫•费因斯 Ralph Fiennes '
            '饰）是一个历史学者，跟随探险家来到撒哈拉沙漠考察，结识了绘制地图的飞机师杰佛和他妻子凯瑟琳（克里斯汀•斯科特•托马斯 '
            'Kristin Scott Thomas  '
            '饰）。凯瑟琳的才气和美丽让艾马殊深深着迷，两人在沙漠一个幽深洞穴参观壁画时，更加发现彼此志趣相投。',
 'url': 'https://movie.douban.com/subject/1291853/?from=subject-page'}
2018-03-07 17:26:46 [scrapy.core.engine] DEBUG: Crawled (200) <GET https://movie.douban.com/subject/1299680/?from=subject-page> (referer: https://movie.douban.com/subject/1329936/?from=subject-page)
2018-03-07 17:26:48 [scrapy.extensions.logstats] INFO: Crawled 47 pages (at 17 pages/min), scraped 43 items (at 15 items/min)
2018-03-07 17:26:51 [scrapy.core.engine] DEBUG: Crawled (200) <GET https://movie.douban.com/subject/26393561/?from=subject-page> (referer: https://movie.douban.com/subject/10741643/?from=subject-page)
2018-03-07 17:26:51 [scrapy.core.scraper] DEBUG: Scraped from <200 https://movie.douban.com/subject/26393561/?from=subject-page>
{'name': '小萝莉的猴神大叔 Bajrangi Bhaijaan',
 'score': 8.6,
 'summary': '电影讲述了一个拥有虔诚宗教信仰的单纯印度男人帮助巴基斯坦哑女与父母重聚的故事。印度教教徒帕万（萨尔曼·汗 '
            '饰）在一次机缘巧合下结识了与母亲走失并有语言障碍的穆斯林小女孩沙希达（哈尔莎莉·马尔霍特 '
            '饰）。在得知沙希达是巴基斯坦人后，帕万决定帮助她回家，可在回巴基斯坦途中却四处碰壁，遭遇领事馆冲突、被旅游局欺骗之后，帕万立志将不惜一切代价尽其所能带沙希达回到自己的家乡与家人团聚。',
 'url': 'https://movie.douban.com/subject/26393561/?from=subject-page'}
2018-03-07 17:26:54 [scrapy.core.engine] DEBUG: Crawled (200) <GET https://movie.douban.com/subject/1291879/?from=subject-page> (referer: https://movie.douban.com/subject/1291858/?from=subject-page)
2018-03-07 17:26:54 [scrapy.core.scraper] DEBUG: Scraped from <200 https://movie.douban.com/subject/1291879/?from=subject-page>
{'name': '罗生门 羅生門',
 'score': 8.7,
 'summary': '罗生门，日本京都的正南门。云游和尚、砍柴人和乞丐在城门底下避雨，三人闲聊，话题开始，故事的序幕拉开：一个武士和他妻子路过荒山，遭遇了不测。妻子被侮辱，而武士惨遭杀害。惨案如何酿成？凶手、妻子、借武士亡魂来做证的女巫，都各有说法。',
 'url': 'https://movie.douban.com/subject/1291879/?from=subject-page'}
2018-03-07 17:26:57 [scrapy.core.engine] DEBUG: Crawled (200) <GET https://movie.douban.com/subject/2131459/?from=subject-page> (referer: https://movie.douban.com/subject/2129039/?from=subject-page)
2018-03-07 17:26:58 [scrapy.core.scraper] DEBUG: Scraped from <200 https://movie.douban.com/subject/2131459/?from=subject-page>
{'name': '机器人总动员 WALL·E',
 'score': 9.3,
 'summary': '公元2805年，人类文明高度发展，却因污染和生活垃圾大量增加使得地球不再适于人类居住。地球人被迫乘坐飞船离开故乡，进行一次漫长无边的宇宙之旅。临行前他们委托Buynlarge的公司对地球垃圾进行清理，该公司开发了名为WALL·E（Waste '
            'Allocation Loa d Lifters – Earth 地球废品分装员）的机器人担当此重任。',
 'url': 'https://movie.douban.com/subject/2131459/?from=subject-page'}
2018-03-07 17:27:01 [scrapy.core.engine] DEBUG: Crawled (200) <GET https://movie.douban.com/subject/3742360/?from=subject-page> (referer: https://movie.douban.com/subject/4876722/?from=subject-page)
2018-03-07 17:27:02 [scrapy.core.scraper] DEBUG: Scraped from <200 https://movie.douban.com/subject/3742360/?from=subject-page>
{'name': '让子弹飞',
 'score': 8.7,
 'summary': '民国年间，花钱捐得县长的马邦德（葛优 饰）携妻（刘嘉玲 饰）及随从走马上任。途经南国某地，遭劫匪张麻子（姜文 '
            '饰）一伙伏击，随从尽死，只夫妻二人侥幸活命。马为保命，谎称自己是县长的汤 '
            '师爷。为汤师爷许下的财富所动，张麻子摇身一变化身县长，带着手下赶赴鹅城上任。有道是天高皇帝远，鹅城地处偏僻，一方霸主黄四郎（周润发 '
            '饰）只手遮天，全然不将这个新来的县长放在眼里。张麻子痛打了黄的武教头（姜武 饰），黄则设计害死张的义子小六（张默 '
            '饰）。原本只想赚钱的马邦德，怎么也想不到竟会被卷入这场土匪和恶霸的角力之中。鹅城上空愁云密布，血雨腥风在所难免……',
 'url': 'https://movie.douban.com/subject/3742360/?from=subject-page'}
2018-03-07 17:27:06 [scrapy.core.engine] DEBUG: Crawled (200) <GET https://movie.douban.com/subject/5996409/?from=subject-page> (referer: https://movie.douban.com/subject/1291568/?from=subject-page)
2018-03-07 17:27:06 [scrapy.core.scraper] DEBUG: Scraped from <200 https://movie.douban.com/subject/5996409/?from=subject-page>
{'name': '东京家族 東京家族',
 'score': 8.7,
 'summary': '2012年的一天，年届七旬的平山周吉（桥爪功 饰）和老伴富子（吉行和子 '
            '饰）结伴来到东京。这片繁华匆忙的土地上，生活着他们三个子女，在郊外开办诊所的长子幸一（西村雅彦 饰），与丈夫库造（林家正藏 '
            '饰）共同经营美发店的女儿滋子（中岛朋子 饰）以及担任歌舞伎美工的次子昌次（妻夫木聪 '
            '饰）。一家人久未团聚，自然心间充满喜悦。只是子女长大成人，荷担家业，从早到晚为了生计奔波劳碌，根本无暇带着父母游览东京。老两口先后在孩子们的家中小住，深深感受到他们的艰辛，而昌次对未来的茫然似乎也让平山夫妇多了一份担心。也许一切都会好起来，总要有放开手的时刻。',
 'url': 'https://movie.douban.com/subject/5996409/?from=subject-page'}
2018-03-07 17:27:08 [scrapy.core.engine] DEBUG: Crawled (200) <GET https://movie.douban.com/subject/1293396/?from=subject-page> (referer: https://movie.douban.com/subject/1301726/?from=subject-page)
2018-03-07 17:27:08 [scrapy.core.scraper] DEBUG: Scraped from <200 https://movie.douban.com/subject/1293396/?from=subject-page>
{'name': '野战排 Platoon',
 'score': 8.1,
 'summary': '泰勒（查理•辛 Charlie Sheen '
            '饰）是越战期间的一名美国大学生，他前往越南前线去服兵役，被分到了一个步兵部队。部队里有两个人一直对他影响颇大——伊莱亚斯（威廉•达福 '
            'Willem Dafoe 饰）和巴恩斯（汤姆•贝伦杰 Tom Berenger '
            '饰）。他们两人对战争的看法截然不同，前者不忍残杀无辜，而后者却杀人如麻，泰勒心里非常迷惑，到底谁对战争的看法才是正确。',
 'url': 'https://movie.douban.com/subject/1293396/?from=subject-page'}
2018-03-07 17:27:12 [scrapy.core.engine] DEBUG: Crawled (200) <GET https://movie.douban.com/subject/3041749/?from=subject-page> (referer: https://movie.douban.com/subject/1306861/?from=subject-page)
2018-03-07 17:27:13 [scrapy.core.scraper] DEBUG: Scraped from <200 https://movie.douban.com/subject/3041749/?from=subject-page>
{'name': "天伦之旅 Everybody's Fine",
 'score': 8.6,
 'summary': '年迈的弗兰克（罗伯特·德尼罗 Rovert De Niro '
            '饰）曾是给电线涂保护层的工人，他的工作保护了电线不受外界的侵蚀。对于自己的四个孩子，弗兰克同样是百般呵护，可是在妻子去世的8个月时间里，他发觉自己和孩子们的距离越来越远。弗兰克不顾医生的告戒，独自踏上了拜访四个孩子的旅程。然而，在弗兰克的心目中应该成为画家的小儿子不知所踪，大女儿Amy（凯特·贝金赛尔 '
            'Kate Beckinsale 饰）的婚姻生活似乎并没有表面上那样幸福，本以为会是乐队指挥的儿子Robert（山姆·洛克威尔 '
            'Sam Rockwell 饰）其实只是个鼓手，而从小就喜欢跳舞的女儿Rosie（德鲁·巴里摩尔 Drew Barrymore '
            '饰）似乎同样对父亲有所隐瞒。就这样，老弗兰克带着满腹的猜疑踏上归途。途中由于心脏病弗兰克住进医院，孩子们终于齐聚弗兰克的医床前，可是小儿子却依旧...',
 'url': 'https://movie.douban.com/subject/3041749/?from=subject-page'}
2018-03-07 17:27:17 [scrapy.core.engine] DEBUG: Crawled (200) <GET https://movie.douban.com/subject/7065154/?from=subject-page> (referer: https://movie.douban.com/subject/1889243/?from=subject-page)
2018-03-07 17:27:21 [scrapy.core.engine] DEBUG: Crawled (200) <GET https://movie.douban.com/subject/1292401/?from=subject-page> (referer: https://movie.douban.com/subject/1292215/?from=subject-page)
2018-03-07 17:27:21 [scrapy.core.scraper] DEBUG: Scraped from <200 https://movie.douban.com/subject/1292401/?from=subject-page>
{'name': '真爱至上 Love Actually',
 'score': 8.5,
 'summary': '这是一出10个爱情故事窜成的喜剧杂烩：',
 'url': 'https://movie.douban.com/subject/1292401/?from=subject-page'}
2018-03-07 17:27:24 [scrapy.core.engine] DEBUG: Crawled (200) <GET https://movie.douban.com/subject/1417728/?from=subject-page> (referer: https://movie.douban.com/subject/1291588/?from=subject-page)
2018-03-07 17:27:24 [scrapy.core.scraper] DEBUG: Scraped from <200 https://movie.douban.com/subject/1417728/?from=subject-page>
{'name': '我的邻居山田君 ホーホケキョとなりの山田くん',
 'score': 8.7,
 'summary': '住在山野市的山田家共有五口人：一家之主山田隆年届不惑，是一间小公司杂物课的职员。他有些大男子主义，经常为了些琐事和老婆吵吵闹闹，却又被丈母娘压得抬不起头来；阿隆的妻子松子和丈夫同岁，是个全职的家庭主妇，每天忙忙碌碌，照顾一大家子人的饮食起居，却又迷迷糊糊，经常丢三落四；松子的母亲年近古稀，然而精神矍铄，这位老人家一向特立独行，讲话毒辣，连暴走组也全不畏惧；长子阿升是个长相和学习都平平的中学生，他继承了母亲迷糊的性格，生活中乐事不断；小女儿野野子还是个小学三年级学生，瘦瘦小小的她碰上一群脑瓜秀逗的家人，经常成为被遗忘的对象。',
 'url': 'https://movie.douban.com/subject/1417728/?from=subject-page'}
2018-03-07 17:27:28 [scrapy.core.engine] DEBUG: Crawled (200) <GET https://movie.douban.com/subject/1418640/?from=subject-page> (referer: https://movie.douban.com/subject/1291588/?from=subject-page)
2018-03-07 17:27:28 [scrapy.core.scraper] DEBUG: Scraped from <200 https://movie.douban.com/subject/1418640/?from=subject-page>
{'name': '听到涛声 海がきこえる',
 'score': 8.1,
 'summary': '高二那年夏天，美丽的女孩武藤里伽子（坂本洋子 '
            '配音）随母亲离开大都会东京，来到了古朴幽静的高知。聪慧美丽的里伽子在这个偏僻的小地方如此靓丽，引来了男孩们的爱恋的目光，而她孤高的性格又让女孩们颇多微词。与她同班的班长松野丰（関俊彦 '
            '饰）偷偷喜欢着她，而松野的好友杜崎拓（飛田展男 '
            '饰）似乎也对里伽子颇为关注。在黄金周中，里伽子约上拓一同返回东京，拓也第一次感知到这个看似冰冷的女孩内心中最脆弱的情感。他们仿佛走得更近，又仿佛相隔更远……',
 'url': 'https://movie.douban.com/subject/1418640/?from=subject-page'}
2018-03-07 17:27:30 [scrapy.crawler] INFO: Received SIG_SETMASK, shutting down gracefully. Send again to force 
2018-03-07 17:27:30 [scrapy.core.engine] INFO: Closing spider (shutdown)
2018-03-07 17:27:30 [scrapy.crawler] INFO: Received SIG_SETMASK twice, forcing unclean shutdown
